<?xml version="1.0" encoding="UTF-8"?>
<testng-results ignored="0" total="1" passed="1" failed="0" skipped="0">
  <reporter-output>
  </reporter-output>
  <suite started-at="2022-12-20T21:36:39 IST" name="Default suite" finished-at="2022-12-20T21:36:39 IST" duration-ms="37">
    <groups>
    </groups>
    <test started-at="2022-12-20T21:36:39 IST" name="Default test" finished-at="2022-12-20T21:36:39 IST" duration-ms="37">
      <class name="organizationTest.CreateOrgTest">
        <test-method signature="tc_210_CreateOrgaWithMandatoryFields()[pri:0, instance:organizationTest.CreateOrgTest@2abf4075]" started-at="2022-12-20T21:36:39 IST" name="tc_210_CreateOrgaWithMandatoryFields" finished-at="2022-12-20T21:36:39 IST" duration-ms="7" status="PASS">
          <reporter-output>
          </reporter-output>
        </test-method> <!-- tc_210_CreateOrgaWithMandatoryFields -->
      </class> <!-- organizationTest.CreateOrgTest -->
    </test> <!-- Default test -->
  </suite> <!-- Default suite -->
</testng-results>
