<?xml version="1.0" encoding="UTF-8"?>
<testng-results ignored="0" total="1" passed="1" failed="0" skipped="0">
  <reporter-output>
  </reporter-output>
  <suite started-at="2022-12-16T13:53:25 IST" name="Default suite" finished-at="2022-12-16T13:53:25 IST" duration-ms="38">
    <groups>
    </groups>
    <test started-at="2022-12-16T13:53:25 IST" name="Default test" finished-at="2022-12-16T13:53:25 IST" duration-ms="38">
      <class name="Demo.SampleTest1">
        <test-method signature="sampleTest()[pri:0, instance:Demo.SampleTest1@524d6d96]" started-at="2022-12-16T13:53:25 IST" name="sampleTest" finished-at="2022-12-16T13:53:25 IST" duration-ms="7" status="PASS">
          <reporter-output>
          </reporter-output>
        </test-method> <!-- sampleTest -->
      </class> <!-- Demo.SampleTest1 -->
    </test> <!-- Default test -->
  </suite> <!-- Default suite -->
</testng-results>
